[0.008s] Invoking command in '/home/alberto/assegnamento-nov-dic-2022-alberto-piccina/ros_ws/build/rover': CMAKE_PREFIX_PATH=/home/alberto/assegnamento-nov-dic-2022-alberto-piccina/ros_ws/install/rover_visualizer:/home/alberto/assegnamento_PSE/assegnamento-nov-dic-2022-alberto-piccina/ros_ws/install/rover:/home/alberto/assegnamento_PSE/assegnamento-nov-dic-2022-alberto-piccina/ros_ws/install/rover_visualizer:/opt/ros/humble LD_LIBRARY_PATH=/home/alberto/assegnamento-nov-dic-2022-alberto-piccina/ros_ws/install/rover_visualizer/lib:${LD_LIBRARY_PATH} /usr/bin/cmake --build /home/alberto/assegnamento-nov-dic-2022-alberto-piccina/ros_ws/build/rover -- -j6 -l6
[0.014s] [0mCMake Error: The current CMakeCache.txt directory /home/alberto/assegnamento-nov-dic-2022-alberto-piccina/ros_ws/build/rover/CMakeCache.txt is different than the directory /home/alberto/assegnamento_PSE/assegnamento-nov-dic-2022-alberto-piccina/ros_ws/build/rover where CMakeCache.txt was created. This may result in binaries being created in the wrong place. If you are not sure, reedit the CMakeCache.txt[0m
[0.036s] -- Found ament_cmake: 1.3.3 (/opt/ros/humble/share/ament_cmake/cmake)
[0.121s] -- Override CMake install command with custom implementation using symlinks instead of copying resources
[0.132s] -- Found rclcpp: 16.0.2 (/opt/ros/humble/share/rclcpp/cmake)
[0.154s] -- Found rosidl_generator_c: 3.1.4 (/opt/ros/humble/share/rosidl_generator_c/cmake)
[0.155s] -- Found rosidl_adapter: 3.1.4 (/opt/ros/humble/share/rosidl_adapter/cmake)
[0.159s] -- Found rosidl_generator_cpp: 3.1.4 (/opt/ros/humble/share/rosidl_generator_cpp/cmake)
[0.166s] -- Using all available rosidl_typesupport_c: rosidl_typesupport_fastrtps_c;rosidl_typesupport_introspection_c
[0.177s] -- Using all available rosidl_typesupport_cpp: rosidl_typesupport_fastrtps_cpp;rosidl_typesupport_introspection_cpp
[0.219s] -- Found rmw_implementation_cmake: 6.1.1 (/opt/ros/humble/share/rmw_implementation_cmake/cmake)
[0.220s] -- Found rmw_fastrtps_cpp: 6.2.2 (/opt/ros/humble/share/rmw_fastrtps_cpp/cmake)
[0.302s] -- Using RMW implementation 'rmw_fastrtps_cpp' as default
[0.419s] -- Found geometry_msgs: 4.2.2 (/opt/ros/humble/share/geometry_msgs/cmake)
[0.452s] -- Found rover_visualizer: 0.0.0 (/home/alberto/assegnamento_PSE/assegnamento-nov-dic-2022-alberto-piccina/ros_ws/install/rover_visualizer/share/rover_visualizer/cmake)
[0.804s] -- Configuring done
[0.821s] -- Generating done
[0.823s] -- Build files have been written to: /home/alberto/assegnamento_PSE/assegnamento-nov-dic-2022-alberto-piccina/ros_ws/build/rover
[0.854s] [35m[1mConsolidate compiler generated dependencies of target rover_node[0m
[0.871s] [100%] Built target rover_node
[0.880s] Invoked command in '/home/alberto/assegnamento-nov-dic-2022-alberto-piccina/ros_ws/build/rover' returned '0': CMAKE_PREFIX_PATH=/home/alberto/assegnamento-nov-dic-2022-alberto-piccina/ros_ws/install/rover_visualizer:/home/alberto/assegnamento_PSE/assegnamento-nov-dic-2022-alberto-piccina/ros_ws/install/rover:/home/alberto/assegnamento_PSE/assegnamento-nov-dic-2022-alberto-piccina/ros_ws/install/rover_visualizer:/opt/ros/humble LD_LIBRARY_PATH=/home/alberto/assegnamento-nov-dic-2022-alberto-piccina/ros_ws/install/rover_visualizer/lib:${LD_LIBRARY_PATH} /usr/bin/cmake --build /home/alberto/assegnamento-nov-dic-2022-alberto-piccina/ros_ws/build/rover -- -j6 -l6
[0.908s] Invoking command in '/home/alberto/assegnamento-nov-dic-2022-alberto-piccina/ros_ws/build/rover': CMAKE_PREFIX_PATH=/home/alberto/assegnamento-nov-dic-2022-alberto-piccina/ros_ws/install/rover_visualizer:/home/alberto/assegnamento_PSE/assegnamento-nov-dic-2022-alberto-piccina/ros_ws/install/rover:/home/alberto/assegnamento_PSE/assegnamento-nov-dic-2022-alberto-piccina/ros_ws/install/rover_visualizer:/opt/ros/humble LD_LIBRARY_PATH=/home/alberto/assegnamento-nov-dic-2022-alberto-piccina/ros_ws/install/rover_visualizer/lib:${LD_LIBRARY_PATH} /usr/bin/cmake --install /home/alberto/assegnamento-nov-dic-2022-alberto-piccina/ros_ws/build/rover
[0.914s] -- Install configuration: "Debug"
[0.914s] -- Execute custom install script
[0.916s] -- Up-to-date symlink: /home/alberto/assegnamento_PSE/assegnamento-nov-dic-2022-alberto-piccina/ros_ws/install/rover/lib/rover/rover
[0.916s] -- Up-to-date symlink: /home/alberto/assegnamento_PSE/assegnamento-nov-dic-2022-alberto-piccina/ros_ws/install/rover/share/ament_index/resource_index/package_run_dependencies/rover
[0.917s] -- Up-to-date symlink: /home/alberto/assegnamento_PSE/assegnamento-nov-dic-2022-alberto-piccina/ros_ws/install/rover/share/ament_index/resource_index/parent_prefix_path/rover
[0.917s] -- Up-to-date symlink: /home/alberto/assegnamento_PSE/assegnamento-nov-dic-2022-alberto-piccina/ros_ws/install/rover/share/rover/environment/ament_prefix_path.sh
[0.918s] -- Up-to-date symlink: /home/alberto/assegnamento_PSE/assegnamento-nov-dic-2022-alberto-piccina/ros_ws/install/rover/share/rover/environment/ament_prefix_path.dsv
[0.918s] -- Up-to-date symlink: /home/alberto/assegnamento_PSE/assegnamento-nov-dic-2022-alberto-piccina/ros_ws/install/rover/share/rover/environment/path.sh
[0.918s] -- Up-to-date symlink: /home/alberto/assegnamento_PSE/assegnamento-nov-dic-2022-alberto-piccina/ros_ws/install/rover/share/rover/environment/path.dsv
[0.919s] -- Up-to-date symlink: /home/alberto/assegnamento_PSE/assegnamento-nov-dic-2022-alberto-piccina/ros_ws/install/rover/share/rover/local_setup.bash
[0.919s] -- Up-to-date symlink: /home/alberto/assegnamento_PSE/assegnamento-nov-dic-2022-alberto-piccina/ros_ws/install/rover/share/rover/local_setup.sh
[0.920s] -- Up-to-date symlink: /home/alberto/assegnamento_PSE/assegnamento-nov-dic-2022-alberto-piccina/ros_ws/install/rover/share/rover/local_setup.zsh
[0.920s] -- Up-to-date symlink: /home/alberto/assegnamento_PSE/assegnamento-nov-dic-2022-alberto-piccina/ros_ws/install/rover/share/rover/local_setup.dsv
[0.920s] -- Symlinking: /home/alberto/assegnamento_PSE/assegnamento-nov-dic-2022-alberto-piccina/ros_ws/install/rover/share/rover/package.dsv
[0.928s] -- Up-to-date symlink: /home/alberto/assegnamento_PSE/assegnamento-nov-dic-2022-alberto-piccina/ros_ws/install/rover/share/ament_index/resource_index/packages/rover
[0.928s] -- Up-to-date symlink: /home/alberto/assegnamento_PSE/assegnamento-nov-dic-2022-alberto-piccina/ros_ws/install/rover/share/rover/cmake/roverConfig.cmake
[0.931s] -- Up-to-date symlink: /home/alberto/assegnamento_PSE/assegnamento-nov-dic-2022-alberto-piccina/ros_ws/install/rover/share/rover/cmake/roverConfig-version.cmake
[0.932s] -- Up-to-date symlink: /home/alberto/assegnamento_PSE/assegnamento-nov-dic-2022-alberto-piccina/ros_ws/install/rover/share/rover/package.xml
[0.935s] Invoked command in '/home/alberto/assegnamento-nov-dic-2022-alberto-piccina/ros_ws/build/rover' returned '0': CMAKE_PREFIX_PATH=/home/alberto/assegnamento-nov-dic-2022-alberto-piccina/ros_ws/install/rover_visualizer:/home/alberto/assegnamento_PSE/assegnamento-nov-dic-2022-alberto-piccina/ros_ws/install/rover:/home/alberto/assegnamento_PSE/assegnamento-nov-dic-2022-alberto-piccina/ros_ws/install/rover_visualizer:/opt/ros/humble LD_LIBRARY_PATH=/home/alberto/assegnamento-nov-dic-2022-alberto-piccina/ros_ws/install/rover_visualizer/lib:${LD_LIBRARY_PATH} /usr/bin/cmake --install /home/alberto/assegnamento-nov-dic-2022-alberto-piccina/ros_ws/build/rover
