[0.006s] Invoking command in '/home/alberto/assegnamento_PSE/assegnamento-nov-dic-2022-alberto-piccina/ros_ws/build/rover': AMENT_PREFIX_PATH=/home/alberto/assegnamento_PSE/assegnamento-nov-dic-2022-alberto-piccina/ros_ws/install/rover_visualizer:${AMENT_PREFIX_PATH} CMAKE_PREFIX_PATH=/home/alberto/assegnamento_PSE/assegnamento-nov-dic-2022-alberto-piccina/ros_ws/install/rover_visualizer:/opt/ros/humble LD_LIBRARY_PATH=/home/alberto/assegnamento_PSE/assegnamento-nov-dic-2022-alberto-piccina/ros_ws/install/rover_visualizer/lib:${LD_LIBRARY_PATH} PYTHONPATH=/home/alberto/assegnamento_PSE/assegnamento-nov-dic-2022-alberto-piccina/ros_ws/install/rover_visualizer/local/lib/python3.10/dist-packages:${PYTHONPATH} /usr/bin/cmake --build /home/alberto/assegnamento_PSE/assegnamento-nov-dic-2022-alberto-piccina/ros_ws/build/rover -- -j6 -l6
[0.051s] [35m[1mConsolidate compiler generated dependencies of target rover_node[0m
[0.078s] [ 16%] [32mBuilding CXX object CMakeFiles/rover_node.dir/src/main.cpp.o[0m
[0.078s] [ 33%] [32mBuilding CXX object CMakeFiles/rover_node.dir/src/publisher.cpp.o[0m
[2.239s] [01m[K/home/alberto/assegnamento_PSE/assegnamento-nov-dic-2022-alberto-piccina/ros_ws/src/rover/src/publisher.cpp:[m[K In constructor ‘[01m[KRover::Rover(Robot, Server, int, double)[m[K’:
[2.239s] [01m[K/home/alberto/assegnamento_PSE/assegnamento-nov-dic-2022-alberto-piccina/ros_ws/src/rover/src/publisher.cpp:13:26:[m[K [01;31m[Kerror: [m[Kuse of deleted function ‘[01m[KServer::Server(const Server&)[m[K’
[2.239s]    13 |         : robot_{robot}, [01;31m[Kmonitor_{monitor}[m[K, id_(id), speed_(speed)
[2.239s]       |                          [01;31m[K^~~~~~~~~~~~~~~~~[m[K
[2.239s] In file included from [01m[K/home/alberto/assegnamento_PSE/assegnamento-nov-dic-2022-alberto-piccina/ros_ws/src/rover/include/rover/publisher.h:10[m[K,
[2.239s]                  from [01m[K/home/alberto/assegnamento_PSE/assegnamento-nov-dic-2022-alberto-piccina/ros_ws/src/rover/src/publisher.cpp:2[m[K:
[2.239s] [01m[K/home/alberto/assegnamento_PSE/assegnamento-nov-dic-2022-alberto-piccina/ros_ws/src/rover/include/Server/Server.h:21:7:[m[K [01;36m[Knote: [m[K‘[01m[KServer::Server(const Server&)[m[K’ is implicitly deleted because the default definition would be ill-formed:
[2.239s]    21 | class [01;36m[KServer[m[K {
[2.239s]       |       [01;36m[K^~~~~~[m[K
[2.239s] [01m[K/home/alberto/assegnamento_PSE/assegnamento-nov-dic-2022-alberto-piccina/ros_ws/src/rover/include/Server/Server.h:21:7:[m[K [01;31m[Kerror: [m[Kuse of deleted function ‘[01m[Kstd::mutex::mutex(const std::mutex&)[m[K’
[2.239s] In file included from [01m[K/usr/include/c++/11/bits/atomic_wait.h:49[m[K,
[2.239s]                  from [01m[K/usr/include/c++/11/bits/atomic_base.h:41[m[K,
[2.239s]                  from [01m[K/usr/include/c++/11/bits/shared_ptr_atomic.h:33[m[K,
[2.239s]                  from [01m[K/usr/include/c++/11/memory:78[m[K,
[2.240s]                  from [01m[K/opt/ros/humble/include/rclcpp/rclcpp/rclcpp.hpp:153[m[K,
[2.240s]                  from [01m[K/home/alberto/assegnamento_PSE/assegnamento-nov-dic-2022-alberto-piccina/ros_ws/src/rover/include/rover/publisher.h:4[m[K,
[2.240s]                  from [01m[K/home/alberto/assegnamento_PSE/assegnamento-nov-dic-2022-alberto-piccina/ros_ws/src/rover/src/publisher.cpp:2[m[K:
[2.240s] [01m[K/usr/include/c++/11/bits/std_mutex.h:94:5:[m[K [01;36m[Knote: [m[Kdeclared here
[2.240s]    94 |     [01;36m[Kmutex[m[K(const mutex&) = delete;
[2.240s]       |     [01;36m[K^~~~~[m[K
[2.240s] In file included from [01m[K/home/alberto/assegnamento_PSE/assegnamento-nov-dic-2022-alberto-piccina/ros_ws/src/rover/include/rover/publisher.h:10[m[K,
[2.240s]                  from [01m[K/home/alberto/assegnamento_PSE/assegnamento-nov-dic-2022-alberto-piccina/ros_ws/src/rover/src/publisher.cpp:2[m[K:
[2.240s] [01m[K/home/alberto/assegnamento_PSE/assegnamento-nov-dic-2022-alberto-piccina/ros_ws/src/rover/include/Server/Server.h:21:7:[m[K [01;31m[Kerror: [m[Kuse of deleted function ‘[01m[Kstd::condition_variable::condition_variable(const std::condition_variable&)[m[K’
[2.240s]    21 | class [01;31m[KServer[m[K {
[2.240s]       |       [01;31m[K^~~~~~[m[K
[2.240s] In file included from [01m[K/usr/include/c++/11/future:39[m[K,
[2.241s]                  from [01m[K/opt/ros/humble/include/rclcpp/rclcpp/executors.hpp:18[m[K,
[2.241s]                  from [01m[K/opt/ros/humble/include/rclcpp/rclcpp/rclcpp.hpp:155[m[K,
[2.241s]                  from [01m[K/home/alberto/assegnamento_PSE/assegnamento-nov-dic-2022-alberto-piccina/ros_ws/src/rover/include/rover/publisher.h:4[m[K,
[2.241s]                  from [01m[K/home/alberto/assegnamento_PSE/assegnamento-nov-dic-2022-alberto-piccina/ros_ws/src/rover/src/publisher.cpp:2[m[K:
[2.241s] [01m[K/usr/include/c++/11/condition_variable:86:5:[m[K [01;36m[Knote: [m[Kdeclared here
[2.241s]    86 |     [01;36m[Kcondition_variable[m[K(const condition_variable&) = delete;
[2.241s]       |     [01;36m[K^~~~~~~~~~~~~~~~~~[m[K
[2.241s] In file included from [01m[K/home/alberto/assegnamento_PSE/assegnamento-nov-dic-2022-alberto-piccina/ros_ws/src/rover/include/rover/publisher.h:10[m[K,
[2.241s]                  from [01m[K/home/alberto/assegnamento_PSE/assegnamento-nov-dic-2022-alberto-piccina/ros_ws/src/rover/src/publisher.cpp:2[m[K:
[2.241s] [01m[K/home/alberto/assegnamento_PSE/assegnamento-nov-dic-2022-alberto-piccina/ros_ws/src/rover/include/Server/Server.h:21:7:[m[K [01;31m[Kerror: [m[Kuse of deleted function ‘[01m[Kstd::condition_variable::condition_variable(const std::condition_variable&)[m[K’
[2.241s]    21 | class [01;31m[KServer[m[K {
[2.241s]       |       [01;31m[K^~~~~~[m[K
[2.241s] In file included from [01m[K/usr/include/c++/11/future:39[m[K,
[2.241s]                  from [01m[K/opt/ros/humble/include/rclcpp/rclcpp/executors.hpp:18[m[K,
[2.242s]                  from [01m[K/opt/ros/humble/include/rclcpp/rclcpp/rclcpp.hpp:155[m[K,
[2.242s]                  from [01m[K/home/alberto/assegnamento_PSE/assegnamento-nov-dic-2022-alberto-piccina/ros_ws/src/rover/include/rover/publisher.h:4[m[K,
[2.242s]                  from [01m[K/home/alberto/assegnamento_PSE/assegnamento-nov-dic-2022-alberto-piccina/ros_ws/src/rover/src/publisher.cpp:2[m[K:
[2.242s] [01m[K/usr/include/c++/11/condition_variable:86:5:[m[K [01;36m[Knote: [m[Kdeclared here
[2.242s]    86 |     [01;36m[Kcondition_variable[m[K(const condition_variable&) = delete;
[2.242s]       |     [01;36m[K^~~~~~~~~~~~~~~~~~[m[K
[2.255s] [01m[K/home/alberto/assegnamento_PSE/assegnamento-nov-dic-2022-alberto-piccina/ros_ws/src/rover/src/main.cpp:[m[K In function ‘[01m[Kint main(int, char**)[m[K’:
[2.255s] [01m[K/home/alberto/assegnamento_PSE/assegnamento-nov-dic-2022-alberto-piccina/ros_ws/src/rover/src/main.cpp:73:64:[m[K [01;31m[Kerror: [m[Kuse of deleted function ‘[01m[KServer::Server(const Server&)[m[K’
[2.256s]    73 |   std::thread rover(Rover{list_of_robots.at(0), monitor, 0, 0.5[01;31m[K}[m[K);
[2.256s]       |                                                                [01;31m[K^[m[K
[2.256s] In file included from [01m[K/home/alberto/assegnamento_PSE/assegnamento-nov-dic-2022-alberto-piccina/ros_ws/src/rover/include/rover/publisher.h:10[m[K,
[2.256s]                  from [01m[K/home/alberto/assegnamento_PSE/assegnamento-nov-dic-2022-alberto-piccina/ros_ws/src/rover/src/main.cpp:2[m[K:
[2.256s] [01m[K/home/alberto/assegnamento_PSE/assegnamento-nov-dic-2022-alberto-piccina/ros_ws/src/rover/include/Server/Server.h:21:7:[m[K [01;36m[Knote: [m[K‘[01m[KServer::Server(const Server&)[m[K’ is implicitly deleted because the default definition would be ill-formed:
[2.256s]    21 | class [01;36m[KServer[m[K {
[2.256s]       |       [01;36m[K^~~~~~[m[K
[2.256s] [01m[K/home/alberto/assegnamento_PSE/assegnamento-nov-dic-2022-alberto-piccina/ros_ws/src/rover/include/Server/Server.h:21:7:[m[K [01;31m[Kerror: [m[Kuse of deleted function ‘[01m[Kstd::mutex::mutex(const std::mutex&)[m[K’
[2.256s] In file included from [01m[K/usr/include/c++/11/bits/atomic_wait.h:49[m[K,
[2.256s]                  from [01m[K/usr/include/c++/11/bits/atomic_base.h:41[m[K,
[2.256s]                  from [01m[K/usr/include/c++/11/bits/shared_ptr_atomic.h:33[m[K,
[2.256s]                  from [01m[K/usr/include/c++/11/memory:78[m[K,
[2.256s]                  from [01m[K/opt/ros/humble/include/rclcpp/rclcpp/rclcpp.hpp:153[m[K,
[2.257s]                  from [01m[K/home/alberto/assegnamento_PSE/assegnamento-nov-dic-2022-alberto-piccina/ros_ws/src/rover/src/main.cpp:1[m[K:
[2.257s] [01m[K/usr/include/c++/11/bits/std_mutex.h:94:5:[m[K [01;36m[Knote: [m[Kdeclared here
[2.257s]    94 |     [01;36m[Kmutex[m[K(const mutex&) = delete;
[2.257s]       |     [01;36m[K^~~~~[m[K
[2.257s] In file included from [01m[K/home/alberto/assegnamento_PSE/assegnamento-nov-dic-2022-alberto-piccina/ros_ws/src/rover/include/rover/publisher.h:10[m[K,
[2.257s]                  from [01m[K/home/alberto/assegnamento_PSE/assegnamento-nov-dic-2022-alberto-piccina/ros_ws/src/rover/src/main.cpp:2[m[K:
[2.257s] [01m[K/home/alberto/assegnamento_PSE/assegnamento-nov-dic-2022-alberto-piccina/ros_ws/src/rover/include/Server/Server.h:21:7:[m[K [01;31m[Kerror: [m[Kuse of deleted function ‘[01m[Kstd::condition_variable::condition_variable(const std::condition_variable&)[m[K’
[2.257s]    21 | class [01;31m[KServer[m[K {
[2.257s]       |       [01;31m[K^~~~~~[m[K
[2.257s] In file included from [01m[K/usr/include/c++/11/future:39[m[K,
[2.257s]                  from [01m[K/opt/ros/humble/include/rclcpp/rclcpp/executors.hpp:18[m[K,
[2.257s]                  from [01m[K/opt/ros/humble/include/rclcpp/rclcpp/rclcpp.hpp:155[m[K,
[2.257s]                  from [01m[K/home/alberto/assegnamento_PSE/assegnamento-nov-dic-2022-alberto-piccina/ros_ws/src/rover/src/main.cpp:1[m[K:
[2.257s] [01m[K/usr/include/c++/11/condition_variable:86:5:[m[K [01;36m[Knote: [m[Kdeclared here
[2.257s]    86 |     [01;36m[Kcondition_variable[m[K(const condition_variable&) = delete;
[2.257s]       |     [01;36m[K^~~~~~~~~~~~~~~~~~[m[K
[2.257s] In file included from [01m[K/home/alberto/assegnamento_PSE/assegnamento-nov-dic-2022-alberto-piccina/ros_ws/src/rover/include/rover/publisher.h:10[m[K,
[2.257s]                  from [01m[K/home/alberto/assegnamento_PSE/assegnamento-nov-dic-2022-alberto-piccina/ros_ws/src/rover/src/main.cpp:2[m[K:
[2.258s] [01m[K/home/alberto/assegnamento_PSE/assegnamento-nov-dic-2022-alberto-piccina/ros_ws/src/rover/include/Server/Server.h:21:7:[m[K [01;31m[Kerror: [m[Kuse of deleted function ‘[01m[Kstd::condition_variable::condition_variable(const std::condition_variable&)[m[K’
[2.258s]    21 | class [01;31m[KServer[m[K {
[2.258s]       |       [01;31m[K^~~~~~[m[K
[2.258s] In file included from [01m[K/usr/include/c++/11/future:39[m[K,
[2.258s]                  from [01m[K/opt/ros/humble/include/rclcpp/rclcpp/executors.hpp:18[m[K,
[2.258s]                  from [01m[K/opt/ros/humble/include/rclcpp/rclcpp/rclcpp.hpp:155[m[K,
[2.258s]                  from [01m[K/home/alberto/assegnamento_PSE/assegnamento-nov-dic-2022-alberto-piccina/ros_ws/src/rover/src/main.cpp:1[m[K:
[2.258s] [01m[K/usr/include/c++/11/condition_variable:86:5:[m[K [01;36m[Knote: [m[Kdeclared here
[2.258s]    86 |     [01;36m[Kcondition_variable[m[K(const condition_variable&) = delete;
[2.258s]       |     [01;36m[K^~~~~~~~~~~~~~~~~~[m[K
[2.258s] In file included from [01m[K/home/alberto/assegnamento_PSE/assegnamento-nov-dic-2022-alberto-piccina/ros_ws/src/rover/src/main.cpp:2[m[K:
[2.258s] [01m[K/home/alberto/assegnamento_PSE/assegnamento-nov-dic-2022-alberto-piccina/ros_ws/src/rover/include/rover/publisher.h:18:29:[m[K [01;36m[Knote: [m[K  initializing argument 2 of ‘[01m[KRover::Rover(Robot, Server, int, double)[m[K’
[2.258s]    18 |   Rover(Robot robot, [01;36m[KServer monitor[m[K, int id, double speed);
[2.258s]       |                      [01;36m[K~~~~~~~^~~~~~~[m[K
[2.719s] gmake[2]: *** [CMakeFiles/rover_node.dir/build.make:90: CMakeFiles/rover_node.dir/src/publisher.cpp.o] Error 1
[2.719s] gmake[2]: *** Waiting for unfinished jobs....
[2.859s] gmake[2]: *** [CMakeFiles/rover_node.dir/build.make:76: CMakeFiles/rover_node.dir/src/main.cpp.o] Error 1
[2.859s] gmake[1]: *** [CMakeFiles/Makefile2:137: CMakeFiles/rover_node.dir/all] Error 2
[2.859s] gmake: *** [Makefile:146: all] Error 2
[2.862s] Invoked command in '/home/alberto/assegnamento_PSE/assegnamento-nov-dic-2022-alberto-piccina/ros_ws/build/rover' returned '2': AMENT_PREFIX_PATH=/home/alberto/assegnamento_PSE/assegnamento-nov-dic-2022-alberto-piccina/ros_ws/install/rover_visualizer:${AMENT_PREFIX_PATH} CMAKE_PREFIX_PATH=/home/alberto/assegnamento_PSE/assegnamento-nov-dic-2022-alberto-piccina/ros_ws/install/rover_visualizer:/opt/ros/humble LD_LIBRARY_PATH=/home/alberto/assegnamento_PSE/assegnamento-nov-dic-2022-alberto-piccina/ros_ws/install/rover_visualizer/lib:${LD_LIBRARY_PATH} PYTHONPATH=/home/alberto/assegnamento_PSE/assegnamento-nov-dic-2022-alberto-piccina/ros_ws/install/rover_visualizer/local/lib/python3.10/dist-packages:${PYTHONPATH} /usr/bin/cmake --build /home/alberto/assegnamento_PSE/assegnamento-nov-dic-2022-alberto-piccina/ros_ws/build/rover -- -j6 -l6
