[  2%] Built target rover_visualizer__cpp
[ 11%] Built target rover_visualizer__rosidl_generator_c
[ 11%] Built target ament_cmake_python_symlink_rover_visualizer
[ 20%] Built target rover_visualizer__rosidl_typesupport_cpp
[ 29%] Built target rover_visualizer__rosidl_typesupport_introspection_cpp
[ 38%] Built target rover_visualizer__rosidl_typesupport_fastrtps_cpp
[ 55%] Built target rover_visualizer__rosidl_typesupport_introspection_c
[ 55%] Built target rover_visualizer__rosidl_typesupport_c
[ 64%] Built target rover_visualizer__rosidl_typesupport_fastrtps_c
[ 73%] Built target rover_visualizer_node
[ 73%] Built target rover_visualizer
[ 76%] Built target rover_visualizer__py
[ 82%] Built target rover_visualizer__rosidl_generator_py
[ 88%] Built target rover_visualizer__rosidl_typesupport_fastrtps_c__pyext
[100%] Built target rover_visualizer__rosidl_typesupport_c__pyext
[100%] Built target rover_visualizer__rosidl_typesupport_introspection_c__pyext
running egg_info
writing rover_visualizer.egg-info/PKG-INFO
writing dependency_links to rover_visualizer.egg-info/dependency_links.txt
writing top-level names to rover_visualizer.egg-info/top_level.txt
reading manifest file 'rover_visualizer.egg-info/SOURCES.txt'
writing manifest file 'rover_visualizer.egg-info/SOURCES.txt'
[100%] Built target ament_cmake_python_build_rover_visualizer_egg
-- Install configuration: ""
-- Execute custom install script
-- Up-to-date symlink: /home/alberto/assegnamento_PSE/assegnamento-nov-dic-2022-alberto-piccina/ros_ws/install/rover_visualizer/share/ament_index/resource_index/rosidl_interfaces/rover_visualizer
-- Up-to-date symlink: /home/alberto/assegnamento_PSE/assegnamento-nov-dic-2022-alberto-piccina/ros_ws/install/rover_visualizer/include/rover_visualizer/rover_visualizer/msg/detail/rover_position__functions.h
-- Up-to-date symlink: /home/alberto/assegnamento_PSE/assegnamento-nov-dic-2022-alberto-piccina/ros_ws/install/rover_visualizer/include/rover_visualizer/rover_visualizer/msg/detail/rover_position__struct.h
-- Up-to-date symlink: /home/alberto/assegnamento_PSE/assegnamento-nov-dic-2022-alberto-piccina/ros_ws/install/rover_visualizer/include/rover_visualizer/rover_visualizer/msg/detail/rover_position__type_support.h
-- Up-to-date symlink: /home/alberto/assegnamento_PSE/assegnamento-nov-dic-2022-alberto-piccina/ros_ws/install/rover_visualizer/include/rover_visualizer/rover_visualizer/msg/rosidl_generator_c__visibility_control.h
-- Up-to-date symlink: /home/alberto/assegnamento_PSE/assegnamento-nov-dic-2022-alberto-piccina/ros_ws/install/rover_visualizer/include/rover_visualizer/rover_visualizer/msg/rover_position.h
-- Up-to-date symlink: /home/alberto/assegnamento_PSE/assegnamento-nov-dic-2022-alberto-piccina/ros_ws/install/rover_visualizer/share/rover_visualizer/environment/library_path.sh
-- Up-to-date symlink: /home/alberto/assegnamento_PSE/assegnamento-nov-dic-2022-alberto-piccina/ros_ws/install/rover_visualizer/share/rover_visualizer/environment/library_path.dsv
-- Up-to-date symlink: /home/alberto/assegnamento_PSE/assegnamento-nov-dic-2022-alberto-piccina/ros_ws/install/rover_visualizer/include/rover_visualizer/rover_visualizer/msg/detail/rover_position__rosidl_typesupport_fastrtps_c.h
-- Up-to-date symlink: /home/alberto/assegnamento_PSE/assegnamento-nov-dic-2022-alberto-piccina/ros_ws/install/rover_visualizer/include/rover_visualizer/rover_visualizer/msg/rosidl_typesupport_fastrtps_c__visibility_control.h
-- Up-to-date symlink: /home/alberto/assegnamento_PSE/assegnamento-nov-dic-2022-alberto-piccina/ros_ws/install/rover_visualizer/include/rover_visualizer/rover_visualizer/msg/detail/rover_position__builder.hpp
-- Up-to-date symlink: /home/alberto/assegnamento_PSE/assegnamento-nov-dic-2022-alberto-piccina/ros_ws/install/rover_visualizer/include/rover_visualizer/rover_visualizer/msg/detail/rover_position__struct.hpp
-- Up-to-date symlink: /home/alberto/assegnamento_PSE/assegnamento-nov-dic-2022-alberto-piccina/ros_ws/install/rover_visualizer/include/rover_visualizer/rover_visualizer/msg/detail/rover_position__traits.hpp
-- Up-to-date symlink: /home/alberto/assegnamento_PSE/assegnamento-nov-dic-2022-alberto-piccina/ros_ws/install/rover_visualizer/include/rover_visualizer/rover_visualizer/msg/rover_position.hpp
-- Up-to-date symlink: /home/alberto/assegnamento_PSE/assegnamento-nov-dic-2022-alberto-piccina/ros_ws/install/rover_visualizer/include/rover_visualizer/rover_visualizer/msg/detail/rover_position__rosidl_typesupport_fastrtps_cpp.hpp
-- Up-to-date symlink: /home/alberto/assegnamento_PSE/assegnamento-nov-dic-2022-alberto-piccina/ros_ws/install/rover_visualizer/include/rover_visualizer/rover_visualizer/msg/rosidl_typesupport_fastrtps_cpp__visibility_control.h
-- Up-to-date symlink: /home/alberto/assegnamento_PSE/assegnamento-nov-dic-2022-alberto-piccina/ros_ws/install/rover_visualizer/include/rover_visualizer/rover_visualizer/msg/detail/rover_position__rosidl_typesupport_introspection_c.h
-- Up-to-date symlink: /home/alberto/assegnamento_PSE/assegnamento-nov-dic-2022-alberto-piccina/ros_ws/install/rover_visualizer/include/rover_visualizer/rover_visualizer/msg/rosidl_typesupport_introspection_c__visibility_control.h
-- Up-to-date symlink: /home/alberto/assegnamento_PSE/assegnamento-nov-dic-2022-alberto-piccina/ros_ws/install/rover_visualizer/include/rover_visualizer/rover_visualizer/msg/detail/rover_position__rosidl_typesupport_introspection_cpp.hpp
-- Up-to-date symlink: /home/alberto/assegnamento_PSE/assegnamento-nov-dic-2022-alberto-piccina/ros_ws/install/rover_visualizer/share/rover_visualizer/environment/pythonpath.sh
-- Up-to-date symlink: /home/alberto/assegnamento_PSE/assegnamento-nov-dic-2022-alberto-piccina/ros_ws/install/rover_visualizer/share/rover_visualizer/environment/pythonpath.dsv
-- Up-to-date symlink: /home/alberto/assegnamento_PSE/assegnamento-nov-dic-2022-alberto-piccina/ros_ws/install/rover_visualizer/local/lib/python3.10/dist-packages/rover_visualizer-0.0.0-py3.10.egg-info/PKG-INFO
-- Up-to-date symlink: /home/alberto/assegnamento_PSE/assegnamento-nov-dic-2022-alberto-piccina/ros_ws/install/rover_visualizer/local/lib/python3.10/dist-packages/rover_visualizer-0.0.0-py3.10.egg-info/SOURCES.txt
-- Up-to-date symlink: /home/alberto/assegnamento_PSE/assegnamento-nov-dic-2022-alberto-piccina/ros_ws/install/rover_visualizer/local/lib/python3.10/dist-packages/rover_visualizer-0.0.0-py3.10.egg-info/dependency_links.txt
-- Up-to-date symlink: /home/alberto/assegnamento_PSE/assegnamento-nov-dic-2022-alberto-piccina/ros_ws/install/rover_visualizer/local/lib/python3.10/dist-packages/rover_visualizer-0.0.0-py3.10.egg-info/top_level.txt
-- Up-to-date symlink: /home/alberto/assegnamento_PSE/assegnamento-nov-dic-2022-alberto-piccina/ros_ws/install/rover_visualizer/local/lib/python3.10/dist-packages/rover_visualizer/__init__.py
-- Up-to-date symlink: /home/alberto/assegnamento_PSE/assegnamento-nov-dic-2022-alberto-piccina/ros_ws/install/rover_visualizer/local/lib/python3.10/dist-packages/rover_visualizer/_rover_visualizer_s.ep.rosidl_typesupport_c.c
-- Up-to-date symlink: /home/alberto/assegnamento_PSE/assegnamento-nov-dic-2022-alberto-piccina/ros_ws/install/rover_visualizer/local/lib/python3.10/dist-packages/rover_visualizer/_rover_visualizer_s.ep.rosidl_typesupport_fastrtps_c.c
-- Up-to-date symlink: /home/alberto/assegnamento_PSE/assegnamento-nov-dic-2022-alberto-piccina/ros_ws/install/rover_visualizer/local/lib/python3.10/dist-packages/rover_visualizer/_rover_visualizer_s.ep.rosidl_typesupport_introspection_c.c
-- Up-to-date symlink: /home/alberto/assegnamento_PSE/assegnamento-nov-dic-2022-alberto-piccina/ros_ws/install/rover_visualizer/local/lib/python3.10/dist-packages/rover_visualizer/librover_visualizer__rosidl_generator_py.so
-- Up-to-date symlink: /home/alberto/assegnamento_PSE/assegnamento-nov-dic-2022-alberto-piccina/ros_ws/install/rover_visualizer/local/lib/python3.10/dist-packages/rover_visualizer/msg/__init__.py
-- Up-to-date symlink: /home/alberto/assegnamento_PSE/assegnamento-nov-dic-2022-alberto-piccina/ros_ws/install/rover_visualizer/local/lib/python3.10/dist-packages/rover_visualizer/msg/_rover_position.py
-- Up-to-date symlink: /home/alberto/assegnamento_PSE/assegnamento-nov-dic-2022-alberto-piccina/ros_ws/install/rover_visualizer/local/lib/python3.10/dist-packages/rover_visualizer/msg/_rover_position_s.c
-- Up-to-date symlink: /home/alberto/assegnamento_PSE/assegnamento-nov-dic-2022-alberto-piccina/ros_ws/install/rover_visualizer/local/lib/python3.10/dist-packages/rover_visualizer/rover_visualizer_s__rosidl_typesupport_c.cpython-310-aarch64-linux-gnu.so
-- Up-to-date symlink: /home/alberto/assegnamento_PSE/assegnamento-nov-dic-2022-alberto-piccina/ros_ws/install/rover_visualizer/local/lib/python3.10/dist-packages/rover_visualizer/rover_visualizer_s__rosidl_typesupport_fastrtps_c.cpython-310-aarch64-linux-gnu.so
-- Up-to-date symlink: /home/alberto/assegnamento_PSE/assegnamento-nov-dic-2022-alberto-piccina/ros_ws/install/rover_visualizer/local/lib/python3.10/dist-packages/rover_visualizer/rover_visualizer_s__rosidl_typesupport_introspection_c.cpython-310-aarch64-linux-gnu.so
-- Up-to-date symlink: /home/alberto/assegnamento_PSE/assegnamento-nov-dic-2022-alberto-piccina/ros_ws/install/rover_visualizer/local/lib/python3.10/dist-packages/rover_visualizer/rover_visualizer_s__rosidl_typesupport_fastrtps_c.cpython-310-aarch64-linux-gnu.so
-- Up-to-date symlink: /home/alberto/assegnamento_PSE/assegnamento-nov-dic-2022-alberto-piccina/ros_ws/install/rover_visualizer/local/lib/python3.10/dist-packages/rover_visualizer/rover_visualizer_s__rosidl_typesupport_introspection_c.cpython-310-aarch64-linux-gnu.so
-- Up-to-date symlink: /home/alberto/assegnamento_PSE/assegnamento-nov-dic-2022-alberto-piccina/ros_ws/install/rover_visualizer/local/lib/python3.10/dist-packages/rover_visualizer/rover_visualizer_s__rosidl_typesupport_c.cpython-310-aarch64-linux-gnu.so
-- Up-to-date symlink: /home/alberto/assegnamento_PSE/assegnamento-nov-dic-2022-alberto-piccina/ros_ws/install/rover_visualizer/share/rover_visualizer/msg/RoverPosition.idl
-- Up-to-date symlink: /home/alberto/assegnamento_PSE/assegnamento-nov-dic-2022-alberto-piccina/ros_ws/install/rover_visualizer/share/rover_visualizer/msg/RoverPosition.msg
-- Up-to-date symlink: /home/alberto/assegnamento_PSE/assegnamento-nov-dic-2022-alberto-piccina/ros_ws/install/rover_visualizer/lib/rover_visualizer/rover_visualizer
-- Up-to-date symlink: /home/alberto/assegnamento_PSE/assegnamento-nov-dic-2022-alberto-piccina/ros_ws/install/rover_visualizer/share/rover_visualizer/config/mars.rviz
-- Up-to-date symlink: /home/alberto/assegnamento_PSE/assegnamento-nov-dic-2022-alberto-piccina/ros_ws/install/rover_visualizer/share/rover_visualizer/launch/rover_launch.py
-- Up-to-date symlink: /home/alberto/assegnamento_PSE/assegnamento-nov-dic-2022-alberto-piccina/ros_ws/install/rover_visualizer/share/rover_visualizer/launch/rover_visualizer_launch.py
-- Up-to-date symlink: /home/alberto/assegnamento_PSE/assegnamento-nov-dic-2022-alberto-piccina/ros_ws/install/rover_visualizer/share/rover_visualizer/launch/rviz_launch.py
-- Up-to-date symlink: /home/alberto/assegnamento_PSE/assegnamento-nov-dic-2022-alberto-piccina/ros_ws/install/rover_visualizer/share/ament_index/resource_index/package_run_dependencies/rover_visualizer
-- Up-to-date symlink: /home/alberto/assegnamento_PSE/assegnamento-nov-dic-2022-alberto-piccina/ros_ws/install/rover_visualizer/share/ament_index/resource_index/parent_prefix_path/rover_visualizer
-- Up-to-date symlink: /home/alberto/assegnamento_PSE/assegnamento-nov-dic-2022-alberto-piccina/ros_ws/install/rover_visualizer/share/rover_visualizer/environment/ament_prefix_path.sh
-- Up-to-date symlink: /home/alberto/assegnamento_PSE/assegnamento-nov-dic-2022-alberto-piccina/ros_ws/install/rover_visualizer/share/rover_visualizer/environment/ament_prefix_path.dsv
-- Up-to-date symlink: /home/alberto/assegnamento_PSE/assegnamento-nov-dic-2022-alberto-piccina/ros_ws/install/rover_visualizer/share/rover_visualizer/environment/path.sh
-- Up-to-date symlink: /home/alberto/assegnamento_PSE/assegnamento-nov-dic-2022-alberto-piccina/ros_ws/install/rover_visualizer/share/rover_visualizer/environment/path.dsv
-- Up-to-date symlink: /home/alberto/assegnamento_PSE/assegnamento-nov-dic-2022-alberto-piccina/ros_ws/install/rover_visualizer/share/rover_visualizer/local_setup.bash
-- Up-to-date symlink: /home/alberto/assegnamento_PSE/assegnamento-nov-dic-2022-alberto-piccina/ros_ws/install/rover_visualizer/share/rover_visualizer/local_setup.sh
-- Up-to-date symlink: /home/alberto/assegnamento_PSE/assegnamento-nov-dic-2022-alberto-piccina/ros_ws/install/rover_visualizer/share/rover_visualizer/local_setup.zsh
-- Up-to-date symlink: /home/alberto/assegnamento_PSE/assegnamento-nov-dic-2022-alberto-piccina/ros_ws/install/rover_visualizer/share/rover_visualizer/local_setup.dsv
-- Symlinking: /home/alberto/assegnamento_PSE/assegnamento-nov-dic-2022-alberto-piccina/ros_ws/install/rover_visualizer/share/rover_visualizer/package.dsv
-- Up-to-date symlink: /home/alberto/assegnamento_PSE/assegnamento-nov-dic-2022-alberto-piccina/ros_ws/install/rover_visualizer/share/ament_index/resource_index/packages/rover_visualizer
-- Up-to-date symlink: /home/alberto/assegnamento_PSE/assegnamento-nov-dic-2022-alberto-piccina/ros_ws/install/rover_visualizer/share/rover_visualizer/cmake/rosidl_cmake-extras.cmake
-- Up-to-date symlink: /home/alberto/assegnamento_PSE/assegnamento-nov-dic-2022-alberto-piccina/ros_ws/install/rover_visualizer/share/rover_visualizer/cmake/ament_cmake_export_dependencies-extras.cmake
-- Up-to-date symlink: /home/alberto/assegnamento_PSE/assegnamento-nov-dic-2022-alberto-piccina/ros_ws/install/rover_visualizer/share/rover_visualizer/cmake/ament_cmake_export_include_directories-extras.cmake
-- Up-to-date symlink: /home/alberto/assegnamento_PSE/assegnamento-nov-dic-2022-alberto-piccina/ros_ws/install/rover_visualizer/share/rover_visualizer/cmake/ament_cmake_export_libraries-extras.cmake
-- Up-to-date symlink: /home/alberto/assegnamento_PSE/assegnamento-nov-dic-2022-alberto-piccina/ros_ws/install/rover_visualizer/share/rover_visualizer/cmake/ament_cmake_export_targets-extras.cmake
-- Up-to-date symlink: /home/alberto/assegnamento_PSE/assegnamento-nov-dic-2022-alberto-piccina/ros_ws/install/rover_visualizer/share/rover_visualizer/cmake/rosidl_cmake_export_typesupport_targets-extras.cmake
-- Up-to-date symlink: /home/alberto/assegnamento_PSE/assegnamento-nov-dic-2022-alberto-piccina/ros_ws/install/rover_visualizer/share/rover_visualizer/cmake/rosidl_cmake_export_typesupport_libraries-extras.cmake
-- Up-to-date symlink: /home/alberto/assegnamento_PSE/assegnamento-nov-dic-2022-alberto-piccina/ros_ws/install/rover_visualizer/share/rover_visualizer/cmake/rover_visualizerConfig.cmake
-- Up-to-date symlink: /home/alberto/assegnamento_PSE/assegnamento-nov-dic-2022-alberto-piccina/ros_ws/install/rover_visualizer/share/rover_visualizer/cmake/rover_visualizerConfig-version.cmake
-- Up-to-date symlink: /home/alberto/assegnamento_PSE/assegnamento-nov-dic-2022-alberto-piccina/ros_ws/install/rover_visualizer/share/rover_visualizer/package.xml
-- Up-to-date: /home/alberto/assegnamento_PSE/assegnamento-nov-dic-2022-alberto-piccina/ros_ws/install/rover_visualizer/lib/librover_visualizer__rosidl_generator_c.so
-- Up-to-date: /home/alberto/assegnamento_PSE/assegnamento-nov-dic-2022-alberto-piccina/ros_ws/install/rover_visualizer/lib/librover_visualizer__rosidl_typesupport_fastrtps_c.so
-- Up-to-date: /home/alberto/assegnamento_PSE/assegnamento-nov-dic-2022-alberto-piccina/ros_ws/install/rover_visualizer/lib/librover_visualizer__rosidl_typesupport_fastrtps_cpp.so
-- Up-to-date: /home/alberto/assegnamento_PSE/assegnamento-nov-dic-2022-alberto-piccina/ros_ws/install/rover_visualizer/lib/librover_visualizer__rosidl_typesupport_introspection_c.so
-- Up-to-date: /home/alberto/assegnamento_PSE/assegnamento-nov-dic-2022-alberto-piccina/ros_ws/install/rover_visualizer/lib/librover_visualizer__rosidl_typesupport_c.so
-- Up-to-date: /home/alberto/assegnamento_PSE/assegnamento-nov-dic-2022-alberto-piccina/ros_ws/install/rover_visualizer/lib/librover_visualizer__rosidl_typesupport_introspection_cpp.so
-- Up-to-date: /home/alberto/assegnamento_PSE/assegnamento-nov-dic-2022-alberto-piccina/ros_ws/install/rover_visualizer/lib/librover_visualizer__rosidl_typesupport_cpp.so
Listing '/home/alberto/assegnamento_PSE/assegnamento-nov-dic-2022-alberto-piccina/ros_ws/install/rover_visualizer/local/lib/python3.10/dist-packages/rover_visualizer'...
Listing '/home/alberto/assegnamento_PSE/assegnamento-nov-dic-2022-alberto-piccina/ros_ws/install/rover_visualizer/local/lib/python3.10/dist-packages/rover_visualizer/msg'...
-- Up-to-date: /home/alberto/assegnamento_PSE/assegnamento-nov-dic-2022-alberto-piccina/ros_ws/install/rover_visualizer/lib/librover_visualizer__rosidl_generator_py.so
-- Up-to-date: /home/alberto/assegnamento_PSE/assegnamento-nov-dic-2022-alberto-piccina/ros_ws/install/rover_visualizer/share/rover_visualizer/cmake/export_rover_visualizer__rosidl_generator_cExport.cmake
-- Up-to-date: /home/alberto/assegnamento_PSE/assegnamento-nov-dic-2022-alberto-piccina/ros_ws/install/rover_visualizer/share/rover_visualizer/cmake/export_rover_visualizer__rosidl_generator_cExport-noconfig.cmake
-- Up-to-date: /home/alberto/assegnamento_PSE/assegnamento-nov-dic-2022-alberto-piccina/ros_ws/install/rover_visualizer/share/rover_visualizer/cmake/export_rover_visualizer__rosidl_typesupport_fastrtps_cExport.cmake
-- Up-to-date: /home/alberto/assegnamento_PSE/assegnamento-nov-dic-2022-alberto-piccina/ros_ws/install/rover_visualizer/share/rover_visualizer/cmake/export_rover_visualizer__rosidl_typesupport_fastrtps_cExport-noconfig.cmake
-- Up-to-date: /home/alberto/assegnamento_PSE/assegnamento-nov-dic-2022-alberto-piccina/ros_ws/install/rover_visualizer/share/rover_visualizer/cmake/export_rover_visualizer__rosidl_generator_cppExport.cmake
-- Up-to-date: /home/alberto/assegnamento_PSE/assegnamento-nov-dic-2022-alberto-piccina/ros_ws/install/rover_visualizer/share/rover_visualizer/cmake/export_rover_visualizer__rosidl_typesupport_fastrtps_cppExport.cmake
-- Up-to-date: /home/alberto/assegnamento_PSE/assegnamento-nov-dic-2022-alberto-piccina/ros_ws/install/rover_visualizer/share/rover_visualizer/cmake/export_rover_visualizer__rosidl_typesupport_fastrtps_cppExport-noconfig.cmake
-- Up-to-date: /home/alberto/assegnamento_PSE/assegnamento-nov-dic-2022-alberto-piccina/ros_ws/install/rover_visualizer/share/rover_visualizer/cmake/rover_visualizer__rosidl_typesupport_introspection_cExport.cmake
-- Up-to-date: /home/alberto/assegnamento_PSE/assegnamento-nov-dic-2022-alberto-piccina/ros_ws/install/rover_visualizer/share/rover_visualizer/cmake/rover_visualizer__rosidl_typesupport_introspection_cExport-noconfig.cmake
-- Up-to-date: /home/alberto/assegnamento_PSE/assegnamento-nov-dic-2022-alberto-piccina/ros_ws/install/rover_visualizer/share/rover_visualizer/cmake/rover_visualizer__rosidl_typesupport_cExport.cmake
-- Up-to-date: /home/alberto/assegnamento_PSE/assegnamento-nov-dic-2022-alberto-piccina/ros_ws/install/rover_visualizer/share/rover_visualizer/cmake/rover_visualizer__rosidl_typesupport_cExport-noconfig.cmake
-- Up-to-date: /home/alberto/assegnamento_PSE/assegnamento-nov-dic-2022-alberto-piccina/ros_ws/install/rover_visualizer/share/rover_visualizer/cmake/rover_visualizer__rosidl_typesupport_introspection_cppExport.cmake
-- Up-to-date: /home/alberto/assegnamento_PSE/assegnamento-nov-dic-2022-alberto-piccina/ros_ws/install/rover_visualizer/share/rover_visualizer/cmake/rover_visualizer__rosidl_typesupport_introspection_cppExport-noconfig.cmake
-- Up-to-date: /home/alberto/assegnamento_PSE/assegnamento-nov-dic-2022-alberto-piccina/ros_ws/install/rover_visualizer/share/rover_visualizer/cmake/rover_visualizer__rosidl_typesupport_cppExport.cmake
-- Up-to-date: /home/alberto/assegnamento_PSE/assegnamento-nov-dic-2022-alberto-piccina/ros_ws/install/rover_visualizer/share/rover_visualizer/cmake/rover_visualizer__rosidl_typesupport_cppExport-noconfig.cmake
-- Up-to-date: /home/alberto/assegnamento_PSE/assegnamento-nov-dic-2022-alberto-piccina/ros_ws/install/rover_visualizer/share/rover_visualizer/cmake/export_rover_visualizer__rosidl_generator_pyExport.cmake
-- Up-to-date: /home/alberto/assegnamento_PSE/assegnamento-nov-dic-2022-alberto-piccina/ros_ws/install/rover_visualizer/share/rover_visualizer/cmake/export_rover_visualizer__rosidl_generator_pyExport-noconfig.cmake
