[ 16%] [32mBuilding CXX object CMakeFiles/rover_node.dir/src/publisher.cpp.o[0m
[01m[K/home/alberto/assegnamento_PSE/assegnamento-nov-dic-2022-alberto-piccina/ros_ws/src/rover/src/publisher.cpp:[m[K In member function ‘[01m[Kvoid Rover::timer_callback()[m[K’:
[01m[K/home/alberto/assegnamento_PSE/assegnamento-nov-dic-2022-alberto-piccina/ros_ws/src/rover/src/publisher.cpp:45:58:[m[K [01;31m[Kerror: [m[K‘[01m[KMap Robot::map_[m[K’ is private within this context
   45 |   message.position.x = robot_.coordinates().x() + robot_.[01;31m[Kmap_[m[K().origin().x();
      |                                                          [01;31m[K^~~~[m[K
In file included from [01m[K/home/alberto/assegnamento_PSE/assegnamento-nov-dic-2022-alberto-piccina/ros_ws/src/rover/include/rover/publisher.h:9[m[K,
                 from [01m[K/home/alberto/assegnamento_PSE/assegnamento-nov-dic-2022-alberto-piccina/ros_ws/src/rover/src/publisher.cpp:2[m[K:
[01m[K/home/alberto/assegnamento_PSE/assegnamento-nov-dic-2022-alberto-piccina/ros_ws/src/rover/include/Robot/Robot.h:52:9:[m[K [01;36m[Knote: [m[Kdeclared private here
   52 |     Map [01;36m[Kmap_[m[K;
      |         [01;36m[K^~~~[m[K
[01m[K/home/alberto/assegnamento_PSE/assegnamento-nov-dic-2022-alberto-piccina/ros_ws/src/rover/src/publisher.cpp:45:62:[m[K [01;31m[Kerror: [m[Kno match for call to ‘[01m[K(Map) ()[m[K’
   45 |  message.position.x = robot_.coordinates().x() + [01;31m[Krobot_.map_()[m[K.origin().x();
      |                                                  [01;31m[K~~~~~~~~~~~^~[m[K

[01m[K/home/alberto/assegnamento_PSE/assegnamento-nov-dic-2022-alberto-piccina/ros_ws/src/rover/src/publisher.cpp:46:58:[m[K [01;31m[Kerror: [m[K‘[01m[KMap Robot::map_[m[K’ is private within this context
   46 |   message.position.y = robot_.coordinates().y() + robot_.[01;31m[Kmap_[m[K().origin().y();
      |                                                          [01;31m[K^~~~[m[K
In file included from [01m[K/home/alberto/assegnamento_PSE/assegnamento-nov-dic-2022-alberto-piccina/ros_ws/src/rover/include/rover/publisher.h:9[m[K,
                 from [01m[K/home/alberto/assegnamento_PSE/assegnamento-nov-dic-2022-alberto-piccina/ros_ws/src/rover/src/publisher.cpp:2[m[K:
[01m[K/home/alberto/assegnamento_PSE/assegnamento-nov-dic-2022-alberto-piccina/ros_ws/src/rover/include/Robot/Robot.h:52:9:[m[K [01;36m[Knote: [m[Kdeclared private here
   52 |     Map [01;36m[Kmap_[m[K;
      |         [01;36m[K^~~~[m[K
[01m[K/home/alberto/assegnamento_PSE/assegnamento-nov-dic-2022-alberto-piccina/ros_ws/src/rover/src/publisher.cpp:46:62:[m[K [01;31m[Kerror: [m[Kno match for call to ‘[01m[K(Map) ()[m[K’
   46 |  message.position.y = robot_.coordinates().y() + [01;31m[Krobot_.map_()[m[K.origin().y();
      |                                                  [01;31m[K~~~~~~~~~~~^~[m[K

gmake[2]: *** [CMakeFiles/rover_node.dir/build.make:90: CMakeFiles/rover_node.dir/src/publisher.cpp.o] Error 1
gmake[1]: *** [CMakeFiles/Makefile2:137: CMakeFiles/rover_node.dir/all] Error 2
gmake: *** [Makefile:146: all] Error 2
